<?xml version="1.0" encoding="UTF-8"?>
<testsuite xmlns:xsi="http://www.w3.org/2001/XMLSchema-instance" xsi:noNamespaceSchemaLocation="https://maven.apache.org/surefire/maven-surefire-plugin/xsd/surefire-test-report-3.0.xsd" version="3.0" name="testrunner.TC035Runner" time="77.286" tests="1" errors="0" skipped="0" failures="0">
  <properties>
[...]
</properties>
  <testcase name="TC-035 - Delete custom food that is being used in food entries" classname="Custom Food Management" time="76.554">
    <system-out><![CDATA[
@negative @TC-035
Scenario: TC-035 - Delete custom food that is being used in food entries                                       # src/test/resources/features/custom-food-management.feature:63
Starting scenario: TC-035 - Delete custom food that is being used in food entries
Initializing WebDriver with browser: chrome
WebDriver initialized successfully
Navigating to: http://localhost:8080
Setup completed for scenario: TC-035 - Delete custom food that is being used in food entries
Starting scenario: TC-035 - Delete custom food that is being used in food entries
  Given I am logged in as "demo@example.com"                                                                   # stepdefinition.AuthenticationSteps.i_am_logged_in_as(java.lang.String)
  Given I have a custom food that is used in my food entries                                                   # stepdefinition.CustomFoodSteps.i_have_a_custom_food_that_is_used_in_my_food_entries()
Current URL: http://localhost:8080/custom-food
Page title: Laravel
Found 15 table rows
Total clickable elements found: 60
Element 0: a - text: '' - classes: ''
Element 1: a - text: 'Dashboard' - classes: 'inline-flex items-center px-1 pt-1 border-b-2 border-transparent text-sm font-medium leading-5 text-gray-500 hover:text-gray-700 hover:border-gray-300 focus:outline-none focus:text-gray-700 focus:border-gray-300 transition duration-150 ease-in-out'
Element 2: a - text: 'Food Entries' - classes: 'inline-flex items-center px-1 pt-1 border-b-2 border-transparent text-sm font-medium leading-5 text-gray-500 hover:text-gray-700 hover:border-gray-300 focus:outline-none focus:text-gray-700 focus:border-gray-300 transition duration-150 ease-in-out'
Element 3: a - text: 'Custom Foods' - classes: 'inline-flex items-center px-1 pt-1 border-b-2 border-indigo-400 text-sm font-medium leading-5 text-gray-900 focus:outline-none focus:border-indigo-700 transition duration-150 ease-in-out'
Element 4: a - text: 'USDA Search' - classes: 'inline-flex items-center px-1 pt-1 border-b-2 border-transparent text-sm font-medium leading-5 text-gray-500 hover:text-gray-700 hover:border-gray-300 focus:outline-none focus:text-gray-700 focus:border-gray-300 transition duration-150 ease-in-out'
Element 5: a - text: 'Chatbot' - classes: 'inline-flex items-center px-1 pt-1 border-b-2 border-transparent text-sm font-medium leading-5 text-gray-500 hover:text-gray-700 hover:border-gray-300 focus:outline-none focus:text-gray-700 focus:border-gray-300 transition duration-150 ease-in-out'
Element 6: button - text: 'demo' - classes: 'inline-flex items-center px-3 py-2 border border-transparent text-sm leading-4 font-medium rounded-md text-gray-500 bg-white hover:text-gray-700 focus:outline-none transition ease-in-out duration-150'
Element 7: a - text: '' - classes: 'block w-full px-4 py-2 text-start text-sm leading-5 text-gray-700 hover:bg-gray-100 focus:outline-none focus:bg-gray-100 transition duration-150 ease-in-out'
Element 8: a - text: '' - classes: 'block w-full px-4 py-2 text-start text-sm leading-5 text-gray-700 hover:bg-gray-100 focus:outline-none focus:bg-gray-100 transition duration-150 ease-in-out'
Element 9: button - text: '' - classes: 'inline-flex items-center justify-center p-2 rounded-md text-gray-400 hover:text-gray-500 hover:bg-gray-100 focus:outline-none focus:bg-gray-100 focus:text-gray-500 transition duration-150 ease-in-out'
Element 10: a - text: '' - classes: 'block w-full ps-3 pe-4 py-2 border-l-4 border-transparent text-start text-base font-medium text-gray-600 hover:text-gray-800 hover:bg-gray-50 hover:border-gray-300 focus:outline-none focus:text-gray-800 focus:bg-gray-50 focus:border-gray-300 transition duration-150 ease-in-out'
Element 11: a - text: '' - classes: 'block w-full ps-3 pe-4 py-2 border-l-4 border-transparent text-start text-base font-medium text-gray-600 hover:text-gray-800 hover:bg-gray-50 hover:border-gray-300 focus:outline-none focus:text-gray-800 focus:bg-gray-50 focus:border-gray-300 transition duration-150 ease-in-out'
Element 12: a - text: '' - classes: 'block w-full ps-3 pe-4 py-2 border-l-4 border-indigo-400 text-start text-base font-medium text-indigo-700 bg-indigo-50 focus:outline-none focus:text-indigo-800 focus:bg-indigo-100 focus:border-indigo-700 transition duration-150 ease-in-out'
Element 13: a - text: '' - classes: 'block w-full ps-3 pe-4 py-2 border-l-4 border-transparent text-start text-base font-medium text-gray-600 hover:text-gray-800 hover:bg-gray-50 hover:border-gray-300 focus:outline-none focus:text-gray-800 focus:bg-gray-50 focus:border-gray-300 transition duration-150 ease-in-out'
Element 14: a - text: '' - classes: 'block w-full ps-3 pe-4 py-2 border-l-4 border-transparent text-start text-base font-medium text-gray-600 hover:text-gray-800 hover:bg-gray-50 hover:border-gray-300 focus:outline-none focus:text-gray-800 focus:bg-gray-50 focus:border-gray-300 transition duration-150 ease-in-out'
Element 15: a - text: '' - classes: 'block w-full ps-3 pe-4 py-2 border-l-4 border-transparent text-start text-base font-medium text-gray-600 hover:text-gray-800 hover:bg-gray-50 hover:border-gray-300 focus:outline-none focus:text-gray-800 focus:bg-gray-50 focus:border-gray-300 transition duration-150 ease-in-out'
Element 16: a - text: '' - classes: 'block w-full ps-3 pe-4 py-2 border-l-4 border-transparent text-start text-base font-medium text-gray-600 hover:text-gray-800 hover:bg-gray-50 hover:border-gray-300 focus:outline-none focus:text-gray-800 focus:bg-gray-50 focus:border-gray-300 transition duration-150 ease-in-out'
Element 17: a - text: 'ADD CUSTOM FOOD' - classes: 'inline-flex items-center px-4 py-2 bg-indigo-600 border border-transparent rounded-md font-semibold text-xs text-black uppercase tracking-widest hover:bg-indigo-700 focus:bg-indigo-700 active:bg-indigo-800 focus:outline-none focus:ring-2 focus:ring-indigo-500 focus:ring-offset-2 transition ease-in-out duration-150'
Element 18: a - text: '' - classes: 'text-indigo-600 hover:text-indigo-900'
Element 19: button - text: '' - classes: 'text-red-600 hover:text-red-900'
Element 20: a - text: '' - classes: 'text-green-600 hover:text-green-900'
Element 21: a - text: '' - classes: 'text-indigo-600 hover:text-indigo-900'
Element 22: button - text: '' - classes: 'text-red-600 hover:text-red-900'
Element 23: a - text: '' - classes: 'text-green-600 hover:text-green-900'
Element 24: a - text: '' - classes: 'text-indigo-600 hover:text-indigo-900'
Element 25: button - text: '' - classes: 'text-red-600 hover:text-red-900'
Element 26: a - text: '' - classes: 'text-green-600 hover:text-green-900'
Element 27: a - text: '' - classes: 'text-indigo-600 hover:text-indigo-900'
Element 28: button - text: '' - classes: 'text-red-600 hover:text-red-900'
Element 29: a - text: '' - classes: 'text-green-600 hover:text-green-900'
Element 30: a - text: '' - classes: 'text-indigo-600 hover:text-indigo-900'
Element 31: button - text: '' - classes: 'text-red-600 hover:text-red-900'
Element 32: a - text: '' - classes: 'text-green-600 hover:text-green-900'
Element 33: a - text: '' - classes: 'text-indigo-600 hover:text-indigo-900'
Element 34: button - text: '' - classes: 'text-red-600 hover:text-red-900'
Element 35: a - text: '' - classes: 'text-green-600 hover:text-green-900'
Element 36: a - text: '' - classes: 'text-indigo-600 hover:text-indigo-900'
Element 37: button - text: '' - classes: 'text-red-600 hover:text-red-900'
Element 38: a - text: '' - classes: 'text-green-600 hover:text-green-900'
Element 39: a - text: '' - classes: 'text-indigo-600 hover:text-indigo-900'
Element 40: button - text: '' - classes: 'text-red-600 hover:text-red-900'
Element 41: a - text: '' - classes: 'text-green-600 hover:text-green-900'
Element 42: a - text: '' - classes: 'text-indigo-600 hover:text-indigo-900'
Element 43: button - text: '' - classes: 'text-red-600 hover:text-red-900'
Element 44: a - text: '' - classes: 'text-green-600 hover:text-green-900'
Element 45: a - text: '' - classes: 'text-indigo-600 hover:text-indigo-900'
Element 46: button - text: '' - classes: 'text-red-600 hover:text-red-900'
Element 47: a - text: '' - classes: 'text-green-600 hover:text-green-900'
Element 48: a - text: '' - classes: 'text-indigo-600 hover:text-indigo-900'
Element 49: button - text: '' - classes: 'text-red-600 hover:text-red-900'
Element 50: a - text: '' - classes: 'text-green-600 hover:text-green-900'
Element 51: a - text: '' - classes: 'text-indigo-600 hover:text-indigo-900'
Element 52: button - text: '' - classes: 'text-red-600 hover:text-red-900'
Element 53: a - text: '' - classes: 'text-green-600 hover:text-green-900'
Element 54: a - text: '' - classes: 'text-indigo-600 hover:text-indigo-900'
Element 55: button - text: '' - classes: 'text-red-600 hover:text-red-900'
Element 56: a - text: '' - classes: 'text-green-600 hover:text-green-900'
Element 57: a - text: '' - classes: 'text-indigo-600 hover:text-indigo-900'
Element 58: button - text: '' - classes: 'text-red-600 hover:text-red-900'
Element 59: a - text: '' - classes: 'text-green-600 hover:text-green-900'
  When I try to delete that custom food                                                                        # stepdefinition.CustomFoodSteps.i_try_to_delete_that_custom_food()
Full page text after delete action: Dashboard
Food Entries
Custom Foods
USDA Search
Chatbot
demo
Custom Foods
ADD CUSTOM FOOD
FOOD NAME CALORIES SERVING UNIT CATEGORY NOTES ACTIONS
Homemade Granola 200 kcal cup vegetables Contains oats, nuts, honey
Homemade Granola 200 kcal cup vegetables Contains oats, nuts, honey
Homemade Granola 200 kcal serving vegetables Test custom food for editing
Homemade Granola 200 kcal cup vegetables Contains oats, nuts, honey
Homemade Granola 200 kcal serving vegetables Test custom food for editing
Homemade Granola 200 kcal cup vegetables Contains oats, nuts, honey
Homemade Granola 200 kcal serving vegetables Test custom food for editing
Test Custom Food 200 kcal cup fruits N/A
Test Custom Food 200 kcal cup fruits N/A
Test Custom Food 200 kcal cup fruits N/A
Test Custom Food 200 kcal cup fruits N/A
Test Custom Food for Delete 150 kcal piece vegetables Test custom food to be deleted
Test Custom Food for Delete 150 kcal piece vegetables Test custom food to be deleted
Test Custom Food for Delete 150 kcal piece vegetables Test custom food to be deleted
✓ Deletion was prevented - no explicit error message but food still exists
  Then I should see a custom food error message "Cannot delete custom food that is being used in food entries" # stepdefinition.CustomFoodSteps.i_should_see_a_custom_food_error_message(java.lang.String)
  And the deletion should be prevented                                                                         # stepdefinition.CustomFoodSteps.the_deletion_should_be_prevented()
Finished scenario: TC-035 - Delete custom food that is being used in food entries - Status: PASSED
WebDriver quit successfully
Cleaning up after scenario: TC-035 - Delete custom food that is being used in food entries
Scenario passed: TC-035 - Delete custom food that is being used in food entries
Cleanup completed for scenario: TC-035 - Delete custom food that is being used in food entries
]]></system-out>
    <system-err><![CDATA[SLF4J(W): No SLF4J providers were found.
SLF4J(W): Defaulting to no-operation (NOP) logger implementation
SLF4J(W): See https://www.slf4j.org/codes.html#noProviders for further details.
Jun 17, 2025 9:07:43 AM org.openqa.selenium.devtools.CdpVersionFinder findNearestMatch
WARNING: Unable to find an exact match for CDP version 137, returning the closest version; found: 133; Please update to a Selenium version that supports CDP version 137
Failed to delete cookies: Session ID is null. Using WebDriver after calling quit()?
Build info: version: '4.29.0', revision: '5fc1ec94cb'
System info: os.name: 'Windows 11', os.arch: 'amd64', os.version: '10.0', java.version: '21.0.2'
Driver info: org.openqa.selenium.chrome.ChromeDriver
Command: [null, deleteAllCookies {}]
Capabilities {acceptInsecureCerts: false, browserName: chrome, browserVersion: 137.0.7151.104, chrome: {chromedriverVersion: 137.0.7151.70 (dfa4dc56b2ab..., userDataDir: C:\Users\asus\AppData\Local...}, fedcm:accounts: true, goog:chromeOptions: {debuggerAddress: localhost:54470}, networkConnectionEnabled: false, pageLoadStrategy: normal, platformName: windows, proxy: Proxy(), se:cdp: ws://localhost:54470/devtoo..., se:cdpVersion: 137.0.7151.104, setWindowRect: true, strictFileInteractability: false, timeouts: {implicit: 0, pageLoad: 300000, script: 30000}, unhandledPromptBehavior: dismiss and notify, webauthn:extension:credBlob: true, webauthn:extension:largeBlob: true, webauthn:extension:minPinLength: true, webauthn:extension:prf: true, webauthn:virtualAuthenticators: true}
Failed to navigate to login page during cleanup: Session ID is null. Using WebDriver after calling quit()?
Build info: version: '4.29.0', revision: '5fc1ec94cb'
System info: os.name: 'Windows 11', os.arch: 'amd64', os.version: '10.0', java.version: '21.0.2'
Driver info: org.openqa.selenium.chrome.ChromeDriver
Command: [null, get {url=http://localhost:8080/login}]
Capabilities {acceptInsecureCerts: false, browserName: chrome, browserVersion: 137.0.7151.104, chrome: {chromedriverVersion: 137.0.7151.70 (dfa4dc56b2ab..., userDataDir: C:\Users\asus\AppData\Local...}, fedcm:accounts: true, goog:chromeOptions: {debuggerAddress: localhost:54470}, networkConnectionEnabled: false, pageLoadStrategy: normal, platformName: windows, proxy: Proxy(), se:cdp: ws://localhost:54470/devtoo..., se:cdpVersion: 137.0.7151.104, setWindowRect: true, strictFileInteractability: false, timeouts: {implicit: 0, pageLoad: 300000, script: 30000}, unhandledPromptBehavior: dismiss and notify, webauthn:extension:credBlob: true, webauthn:extension:largeBlob: true, webauthn:extension:minPinLength: true, webauthn:extension:prf: true, webauthn:virtualAuthenticators: true}
]]></system-err>
  </testcase>
</testsuite>