<?xml version="1.0" encoding="UTF-8"?>
<testsuite xmlns:xsi="http://www.w3.org/2001/XMLSchema-instance" xsi:noNamespaceSchemaLocation="https://maven.apache.org/surefire/maven-surefire-plugin/xsd/surefire-test-report-3.0.xsd" version="3.0" name="testrunner.TC045Runner" time="36.341" tests="1" errors="0" skipped="0" failures="0">
  <properties>
[...]
</properties>
  <testcase name="TC-045 - Spam multiple queries in short time (No rate limiting)" classname="AI Chatbot" time="35.363">
    <system-out><![CDATA[
@negative @rate-limiting @TC-045
Scenario: TC-045 - Spam multiple queries in short time (No rate limiting) # src/test/resources/features/ai-chatbot.feature:62
Starting scenario: TC-045 - Spam multiple queries in short time (No rate limiting)
Initializing WebDriver with browser: chrome
WebDriver initialized successfully
Navigating to: http://localhost:8080
Setup completed for scenario: TC-045 - Spam multiple queries in short time (No rate limiting)
Starting scenario: TC-045 - Spam multiple queries in short time (No rate limiting)
  Given I am logged in as "demo@example.com"                              # stepdefinition.AuthenticationSteps.i_am_logged_in_as(java.lang.String)
Debug: Chatbot page loaded successfully
  When I navigate to the chatbot page                                     # stepdefinition.ChatbotSteps.i_navigate_to_the_chatbot_page()
Debug: Messages before sending: 1
Debug: Send button clicked, waiting for response...
Debug: Timeout waiting for response. Current messages count: 1
Debug: Messages before sending: 1
Debug: Send button clicked, waiting for response...
Debug: Timeout waiting for response. Current messages count: 1
Debug: Messages before sending: 1
Debug: Send button clicked, waiting for response...
Debug: Timeout waiting for response. Current messages count: 1
Debug: Messages before sending: 1
Debug: Send button clicked, waiting for response...
Debug: Timeout waiting for response. Current messages count: 1
Debug: Messages before sending: 1
Debug: Send button clicked, waiting for response...
Debug: Timeout waiting for response. Current messages count: 1
Debug: Messages before sending: 1
Debug: Send button clicked, waiting for response...
Debug: Timeout waiting for response. Current messages count: 1
Debug: Messages before sending: 1
Debug: Send button clicked, waiting for response...
Debug: Timeout waiting for response. Current messages count: 1
Debug: Messages before sending: 1
Debug: Send button clicked, waiting for response...
Debug: Timeout waiting for response. Current messages count: 1
Debug: Messages before sending: 1
Debug: Send button clicked, waiting for response...
Debug: Timeout waiting for response. Current messages count: 1
Debug: Messages before sending: 1
Debug: Send button clicked, waiting for response...
Debug: Timeout waiting for response. Current messages count: 1
  And I send 10 queries rapidly within 1 minute                           # stepdefinition.ChatbotSteps.i_send_queries_rapidly_within_minute(java.lang.Integer,java.lang.Integer)
Debug: Rate limiting not implemented - all queries allowed
  Then the system should allow all queries                                # stepdefinition.ChatbotSteps.the_system_should_allow_all_queries()
Debug: Send button remains enabled - no rate limiting
  And the send button should remain enabled                               # stepdefinition.ChatbotSteps.the_send_button_should_remain_enabled()
Finished scenario: TC-045 - Spam multiple queries in short time (No rate limiting) - Status: PASSED
WebDriver quit successfully
Cleaning up after scenario: TC-045 - Spam multiple queries in short time (No rate limiting)
Scenario passed: TC-045 - Spam multiple queries in short time (No rate limiting)
Cleanup completed for scenario: TC-045 - Spam multiple queries in short time (No rate limiting)
]]></system-out>
    <system-err><![CDATA[SLF4J(W): No SLF4J providers were found.
SLF4J(W): Defaulting to no-operation (NOP) logger implementation
SLF4J(W): See https://www.slf4j.org/codes.html#noProviders for further details.
Jun 17, 2025 10:40:14 AM org.openqa.selenium.devtools.CdpVersionFinder findNearestMatch
WARNING: Unable to find an exact match for CDP version 137, returning the closest version; found: 133; Please update to a Selenium version that supports CDP version 137
Failed to delete cookies: Session ID is null. Using WebDriver after calling quit()?
Build info: version: '4.29.0', revision: '5fc1ec94cb'
System info: os.name: 'Windows 11', os.arch: 'amd64', os.version: '10.0', java.version: '21.0.2'
Driver info: org.openqa.selenium.chrome.ChromeDriver
Command: [null, deleteAllCookies {}]
Capabilities {acceptInsecureCerts: false, browserName: chrome, browserVersion: 137.0.7151.104, chrome: {chromedriverVersion: 137.0.7151.70 (dfa4dc56b2ab..., userDataDir: C:\Users\asus\AppData\Local...}, fedcm:accounts: true, goog:chromeOptions: {debuggerAddress: localhost:60054}, networkConnectionEnabled: false, pageLoadStrategy: normal, platformName: windows, proxy: Proxy(), se:cdp: ws://localhost:60054/devtoo..., se:cdpVersion: 137.0.7151.104, setWindowRect: true, strictFileInteractability: false, timeouts: {implicit: 0, pageLoad: 300000, script: 30000}, unhandledPromptBehavior: dismiss and notify, webauthn:extension:credBlob: true, webauthn:extension:largeBlob: true, webauthn:extension:minPinLength: true, webauthn:extension:prf: true, webauthn:virtualAuthenticators: true}
Failed to navigate to login page during cleanup: Session ID is null. Using WebDriver after calling quit()?
Build info: version: '4.29.0', revision: '5fc1ec94cb'
System info: os.name: 'Windows 11', os.arch: 'amd64', os.version: '10.0', java.version: '21.0.2'
Driver info: org.openqa.selenium.chrome.ChromeDriver
Command: [null, get {url=http://localhost:8080/login}]
Capabilities {acceptInsecureCerts: false, browserName: chrome, browserVersion: 137.0.7151.104, chrome: {chromedriverVersion: 137.0.7151.70 (dfa4dc56b2ab..., userDataDir: C:\Users\asus\AppData\Local...}, fedcm:accounts: true, goog:chromeOptions: {debuggerAddress: localhost:60054}, networkConnectionEnabled: false, pageLoadStrategy: normal, platformName: windows, proxy: Proxy(), se:cdp: ws://localhost:60054/devtoo..., se:cdpVersion: 137.0.7151.104, setWindowRect: true, strictFileInteractability: false, timeouts: {implicit: 0, pageLoad: 300000, script: 30000}, unhandledPromptBehavior: dismiss and notify, webauthn:extension:credBlob: true, webauthn:extension:largeBlob: true, webauthn:extension:minPinLength: true, webauthn:extension:prf: true, webauthn:virtualAuthenticators: true}
]]></system-err>
  </testcase>
</testsuite>